<?xml version="1.0" encoding="UTF-8"?>
<!-- Generated by org.testng.reporters.JUnitXMLReporter -->
<testsuite hostname="DESKTOP-KVS4D73" ignored="0" name="BankingApp Test" tests="1" failures="0" timestamp="24 Nov 2020 16:59:59 GMT" time="0.164" errors="0">
  <testcase name="@BeforeClass setup" time="0.0" classname="com.inetBankingV2.testCases.Baseclass">
    <failure type="org.testng.TestNGException" message="
Can inject only one of &amp;lt;ITestContext, XmlTest&amp;gt; into a @BeforeClass annotated setup.
For more information on native dependency injection please refer to http://testng.org/doc/documentation-main.html#native-dependency-injection">
      <![CDATA[org.testng.TestNGException: 
Can inject only one of <ITestContext, XmlTest> into a @BeforeClass annotated setup.
For more information on native dependency injection please refer to http://testng.org/doc/documentation-main.html#native-dependency-injection
... Removed 23 stack frames]]>
    </failure>
  </testcase> <!-- @BeforeClass setup -->
  <testcase name="@AfterClass teardown" time="0.0" classname="com.inetBankingV2.testCases.Baseclass">
    <skipped/>
  </testcase> <!-- @AfterClass teardown -->
  <testcase name="login" time="0.0" classname="com.inetBankingV2.testCases.Login_Test">
    <skipped/>
  </testcase> <!-- login -->
</testsuite> <!-- BankingApp Test -->
