<?xml version="1.0" encoding="UTF-8"?>
<testng-results ignored="0" total="1" passed="1" failed="0" skipped="0">
  <reporter-output>
  </reporter-output>
  <suite started-at="2021-10-02T18:06:19Z" name="Suite" finished-at="2021-10-02T18:06:28Z" duration-ms="9359">
    <groups>
    </groups>
    <test started-at="2021-10-02T18:06:19Z" name="Test" finished-at="2021-10-02T18:06:28Z" duration-ms="9359">
      <class name="com.inetBankingV2.testCases.Login_Test">
        <test-method is-config="true" signature="setup(java.lang.String)[pri:0, instance:com.inetBankingV2.testCases.Login_Test@192c3f1e]" started-at="2021-10-02T18:06:19Z" name="setup" finished-at="2021-10-02T18:06:24Z" duration-ms="5139" status="PASS">
          <params>
            <param index="0">
              <value>
                <![CDATA[chrome]]>
              </value>
            </param>
          </params>
          <reporter-output>
          </reporter-output>
        </test-method> <!-- setup -->
        <test-method signature="login()[pri:0, instance:com.inetBankingV2.testCases.Login_Test@192c3f1e]" started-at="2021-10-02T18:06:24Z" name="login" finished-at="2021-10-02T18:06:28Z" duration-ms="3974" status="PASS">
          <reporter-output>
          </reporter-output>
        </test-method> <!-- login -->
        <test-method is-config="true" signature="teardown()[pri:0, instance:com.inetBankingV2.testCases.Login_Test@192c3f1e]" started-at="2021-10-02T18:06:28Z" name="teardown" finished-at="2021-10-02T18:06:28Z" duration-ms="219" status="PASS">
          <reporter-output>
          </reporter-output>
        </test-method> <!-- teardown -->
      </class> <!-- com.inetBankingV2.testCases.Login_Test -->
    </test> <!-- Test -->
  </suite> <!-- Suite -->
</testng-results>
