<?xml version="1.0" encoding="UTF-8"?>
<testng-results skipped="0" failed="0" ignored="0" total="1" passed="1">
  <reporter-output>
  </reporter-output>
  <suite name="Suite" duration-ms="21556" started-at="2020-11-24T17:19:05Z" finished-at="2020-11-24T17:19:27Z">
    <groups>
    </groups>
    <test name="Test" duration-ms="21556" started-at="2020-11-24T17:19:05Z" finished-at="2020-11-24T17:19:27Z">
      <class name="com.inetBankingV2.testCases.Login_Test">
        <test-method status="PASS" signature="setup(java.lang.String)[pri:0, instance:com.inetBankingV2.testCases.Login_Test@5442a311]" name="setup" is-config="true" duration-ms="12308" started-at="2020-11-24T17:19:05Z" finished-at="2020-11-24T17:19:18Z">
          <params>
            <param index="0">
              <value>
                <![CDATA[chrome]]>
              </value>
            </param>
          </params>
          <reporter-output>
          </reporter-output>
        </test-method> <!-- setup -->
        <test-method status="PASS" signature="login()[pri:0, instance:com.inetBankingV2.testCases.Login_Test@5442a311]" name="login" duration-ms="8259" started-at="2020-11-24T17:19:18Z" finished-at="2020-11-24T17:19:26Z">
          <reporter-output>
          </reporter-output>
        </test-method> <!-- login -->
        <test-method status="PASS" signature="teardown()[pri:0, instance:com.inetBankingV2.testCases.Login_Test@5442a311]" name="teardown" is-config="true" duration-ms="901" started-at="2020-11-24T17:19:26Z" finished-at="2020-11-24T17:19:27Z">
          <reporter-output>
          </reporter-output>
        </test-method> <!-- teardown -->
      </class> <!-- com.inetBankingV2.testCases.Login_Test -->
    </test> <!-- Test -->
  </suite> <!-- Suite -->
</testng-results>
